0 info it worked if it ends with ok
1 verbose cli [ '/usr/local/bin/node',
1 verbose cli   '/usr/local/bin/npm',
1 verbose cli   'run',
1 verbose cli   'start-app' ]
2 info using npm@1.4.3
3 info using node@v0.10.26
4 verbose run-script [ 'prestart-app', 'start-app', 'poststart-app' ]
5 info prestart-app city-core@0.1.0
6 info start-app city-core@0.1.0
7 verbose unsafe-perm in lifecycle true
8 info city-core@0.1.0 Failed to exec start-app script
9 error city-core@0.1.0 start-app: `node example/server.js`
9 error Exit status 8
10 error Failed at the city-core@0.1.0 start-app script.
10 error This is most likely a problem with the city-core package,
10 error not with npm itself.
10 error Tell the author that this fails on your system:
10 error     node example/server.js
10 error You can get their info via:
10 error     npm owner ls city-core
10 error There is likely additional logging output above.
11 error System Darwin 12.5.0
12 error command "/usr/local/bin/node" "/usr/local/bin/npm" "run" "start-app"
13 error cwd /Users/macbook/tz-Github/city-core
14 error node -v v0.10.26
15 error npm -v 1.4.3
16 error code ELIFECYCLE
17 verbose exit [ 1, true ]
